Running in Lattice mode


Starting:    C:\lscc\iCEcube2.2017.08\synpbase\bin64\mbin\synbatch.exe
Install:     C:\lscc\iCEcube2.2017.08\synpbase
Hostname:    ARMAN-PC
Date:        Mon Jun 03 04:03:13 2019
Version:     L-2016.09L+ice40

Arguments:   -product synplify_pro -batch Lab4prj_syn.prj
ProductType: synplify_pro





log file: "C:\Users\Arman\Desktop\Lab4\Lab4prj\Lab4prj_Implmnt\Lab4prj.srr"
Running: Lab4prj_Implmnt in foreground

Running Lab4prj_syn|Lab4prj_Implmnt

Running: compile (Compile) on Lab4prj_syn|Lab4prj_Implmnt
# Mon Jun 03 04:03:13 2019

Running: compile_flow (Compile Process) on Lab4prj_syn|Lab4prj_Implmnt
# Mon Jun 03 04:03:13 2019

Running: compiler (Compile Input) on Lab4prj_syn|Lab4prj_Implmnt
# Mon Jun 03 04:03:13 2019
Copied C:\Users\Arman\Desktop\Lab4\Lab4prj\Lab4prj_Implmnt\synwork\Lab4prj_comp.srs to C:\Users\Arman\Desktop\Lab4\Lab4prj\Lab4prj_Implmnt\Lab4prj.srs

compiler completed
# Mon Jun 03 04:03:14 2019

Return Code: 0
Run Time:00h:00m:01s

Running: multi_srs_gen (Multi-srs Generator) on Lab4prj_syn|Lab4prj_Implmnt
# Mon Jun 03 04:03:14 2019

multi_srs_gen completed
# Mon Jun 03 04:03:15 2019

Return Code: 0
Run Time:00h:00m:01s
Copied C:\Users\Arman\Desktop\Lab4\Lab4prj\Lab4prj_Implmnt\synwork\Lab4prj_mult.srs to C:\Users\Arman\Desktop\Lab4\Lab4prj\Lab4prj_Implmnt\Lab4prj.srs
Complete: Compile Process on Lab4prj_syn|Lab4prj_Implmnt

Running: premap (Pre-mapping) on Lab4prj_syn|Lab4prj_Implmnt
# Mon Jun 03 04:03:15 2019

premap completed with warnings
# Mon Jun 03 04:03:15 2019

Return Code: 1
Run Time:00h:00m:00s
Complete: Compile on Lab4prj_syn|Lab4prj_Implmnt

Running: map (Map) on Lab4prj_syn|Lab4prj_Implmnt
# Mon Jun 03 04:03:15 2019
License granted for 4 parallel jobs

Running: fpga_mapper (Map & Optimize) on Lab4prj_syn|Lab4prj_Implmnt
# Mon Jun 03 04:03:15 2019
Copied C:\Users\Arman\Desktop\Lab4\Lab4prj\Lab4prj_Implmnt\synwork\Lab4prj_m.srm to C:\Users\Arman\Desktop\Lab4\Lab4prj\Lab4prj_Implmnt\Lab4prj.srm

fpga_mapper completed with warnings
# Mon Jun 03 04:03:20 2019

Return Code: 1
Run Time:00h:00m:05s
Complete: Map on Lab4prj_syn|Lab4prj_Implmnt
Complete: Logic Synthesis on Lab4prj_syn|Lab4prj_Implmnt

exit status=0

exit status=0

